2024-12-20 08:58:02 [restartedMain] INFO  c.springboot.kafka.DemoApplication - Starting DemoApplication using Java 23.0.1 with PID 16080 (C:\Users\Yoga\Documents\Unung\mini-project-aplikasi-pos\payment-gateway\target\classes started by Yoga in C:\Users\Yoga\Documents\Unung\mini-project-aplikasi-pos\payment-gateway)
2024-12-20 08:58:03 [restartedMain] INFO  c.springboot.kafka.DemoApplication - No active profile set, falling back to 1 default profile: "default"
2024-12-20 08:58:03 [restartedMain] INFO  o.s.b.d.e.DevToolsPropertyDefaultsPostProcessor - Devtools property defaults active! Set 'spring.devtools.add-properties' to 'false' to disable
2024-12-20 08:58:03 [restartedMain] INFO  o.s.b.d.e.DevToolsPropertyDefaultsPostProcessor - For additional web related logging consider setting the 'logging.level.web' property to 'DEBUG'
2024-12-20 08:58:05 [restartedMain] INFO  o.s.d.r.c.RepositoryConfigurationDelegate - Bootstrapping Spring Data JPA repositories in DEFAULT mode.
2024-12-20 08:58:05 [restartedMain] INFO  o.s.d.r.c.RepositoryConfigurationDelegate - Finished Spring Data repository scanning in 119 ms. Found 1 JPA repository interface.
2024-12-20 08:58:08 [restartedMain] INFO  o.s.b.w.e.tomcat.TomcatWebServer - Tomcat initialized with port 8081 (http)
2024-12-20 08:58:08 [restartedMain] INFO  o.a.catalina.core.StandardService - Starting service [Tomcat]
2024-12-20 08:58:08 [restartedMain] INFO  o.a.catalina.core.StandardEngine - Starting Servlet engine: [Apache Tomcat/10.1.33]
2024-12-20 08:58:08 [restartedMain] INFO  o.a.c.c.C.[Tomcat].[localhost].[/] - Initializing Spring embedded WebApplicationContext
2024-12-20 08:58:08 [restartedMain] INFO  o.s.b.w.s.c.ServletWebServerApplicationContext - Root WebApplicationContext: initialization completed in 5604 ms
2024-12-20 08:58:09 [restartedMain] INFO  o.h.jpa.internal.util.LogHelper - HHH000204: Processing PersistenceUnitInfo [name: default]
2024-12-20 08:58:09 [restartedMain] INFO  org.hibernate.Version - HHH000412: Hibernate ORM core version 6.6.2.Final
2024-12-20 08:58:09 [restartedMain] INFO  o.h.c.i.RegionFactoryInitiator - HHH000026: Second-level cache disabled
2024-12-20 08:58:10 [restartedMain] INFO  o.s.o.j.p.SpringPersistenceUnitInfo - No LoadTimeWeaver setup: ignoring JPA class transformer
2024-12-20 08:58:10 [restartedMain] INFO  com.zaxxer.hikari.HikariDataSource - HikariPool-1 - Starting...
2024-12-20 08:58:11 [restartedMain] INFO  com.zaxxer.hikari.pool.HikariPool - HikariPool-1 - Added connection org.postgresql.jdbc.PgConnection@79a2bab8
2024-12-20 08:58:11 [restartedMain] INFO  com.zaxxer.hikari.HikariDataSource - HikariPool-1 - Start completed.
2024-12-20 08:58:11 [restartedMain] WARN  org.hibernate.orm.deprecation - HHH90000025: PostgreSQLDialect does not need to be specified explicitly using 'hibernate.dialect' (remove the property setting and it will be selected by default)
2024-12-20 08:58:11 [restartedMain] INFO  o.hibernate.orm.connections.pooling - HHH10001005: Database info:
	Database JDBC URL [Connecting through datasource 'HikariDataSource (HikariPool-1)']
	Database driver: undefined/unknown
	Database version: 17.0
	Autocommit mode: undefined/unknown
	Isolation level: undefined/unknown
	Minimum pool size: undefined/unknown
	Maximum pool size: undefined/unknown
2024-12-20 08:58:13 [restartedMain] INFO  o.h.e.t.j.p.i.JtaPlatformInitiator - HHH000489: No JTA platform available (set 'hibernate.transaction.jta.platform' to enable JTA platform integration)
2024-12-20 08:58:13 [restartedMain] INFO  o.s.o.j.LocalContainerEntityManagerFactoryBean - Initialized JPA EntityManagerFactory for persistence unit 'default'
2024-12-20 08:58:14 [restartedMain] WARN  o.s.b.a.o.j.JpaBaseConfiguration$JpaWebConfiguration - spring.jpa.open-in-view is enabled by default. Therefore, database queries may be performed during view rendering. Explicitly configure spring.jpa.open-in-view to disable this warning
2024-12-20 08:58:14 [restartedMain] INFO  o.s.b.d.a.OptionalLiveReloadServer - LiveReload server is running on port 35729
2024-12-20 08:58:15 [restartedMain] INFO  o.s.b.w.e.tomcat.TomcatWebServer - Tomcat started on port 8081 (http) with context path '/'
2024-12-20 08:58:15 [restartedMain] INFO  c.springboot.kafka.DemoApplication - Started DemoApplication in 13.471 seconds (process running for 15.096)
2024-12-20 09:13:29 [http-nio-8081-exec-1] INFO  o.a.c.c.C.[Tomcat].[localhost].[/] - Initializing Spring DispatcherServlet 'dispatcherServlet'
2024-12-20 09:13:29 [http-nio-8081-exec-1] INFO  o.s.web.servlet.DispatcherServlet - Initializing Servlet 'dispatcherServlet'
2024-12-20 09:13:29 [http-nio-8081-exec-1] INFO  o.s.web.servlet.DispatcherServlet - Completed initialization in 2 ms
2024-12-20 09:19:04 [http-nio-8081-exec-5] INFO  o.a.k.c.producer.ProducerConfig - ProducerConfig values: 
	acks = -1
	auto.include.jmx.reporter = true
	batch.size = 16384
	bootstrap.servers = [localhost:9092]
	buffer.memory = 33554432
	client.dns.lookup = use_all_dns_ips
	client.id = demo-producer-1
	compression.gzip.level = -1
	compression.lz4.level = 9
	compression.type = none
	compression.zstd.level = 3
	connections.max.idle.ms = 540000
	delivery.timeout.ms = 120000
	enable.idempotence = true
	enable.metrics.push = true
	interceptor.classes = []
	key.serializer = class org.apache.kafka.common.serialization.StringSerializer
	linger.ms = 0
	max.block.ms = 60000
	max.in.flight.requests.per.connection = 5
	max.request.size = 1048576
	metadata.max.age.ms = 300000
	metadata.max.idle.ms = 300000
	metadata.recovery.strategy = none
	metric.reporters = []
	metrics.num.samples = 2
	metrics.recording.level = INFO
	metrics.sample.window.ms = 30000
	partitioner.adaptive.partitioning.enable = true
	partitioner.availability.timeout.ms = 0
	partitioner.class = null
	partitioner.ignore.keys = false
	receive.buffer.bytes = 32768
	reconnect.backoff.max.ms = 1000
	reconnect.backoff.ms = 50
	request.timeout.ms = 30000
	retries = 2147483647
	retry.backoff.max.ms = 1000
	retry.backoff.ms = 100
	sasl.client.callback.handler.class = null
	sasl.jaas.config = null
	sasl.kerberos.kinit.cmd = /usr/bin/kinit
	sasl.kerberos.min.time.before.relogin = 60000
	sasl.kerberos.service.name = null
	sasl.kerberos.ticket.renew.jitter = 0.05
	sasl.kerberos.ticket.renew.window.factor = 0.8
	sasl.login.callback.handler.class = null
	sasl.login.class = null
	sasl.login.connect.timeout.ms = null
	sasl.login.read.timeout.ms = null
	sasl.login.refresh.buffer.seconds = 300
	sasl.login.refresh.min.period.seconds = 60
	sasl.login.refresh.window.factor = 0.8
	sasl.login.refresh.window.jitter = 0.05
	sasl.login.retry.backoff.max.ms = 10000
	sasl.login.retry.backoff.ms = 100
	sasl.mechanism = GSSAPI
	sasl.oauthbearer.clock.skew.seconds = 30
	sasl.oauthbearer.expected.audience = null
	sasl.oauthbearer.expected.issuer = null
	sasl.oauthbearer.jwks.endpoint.refresh.ms = 3600000
	sasl.oauthbearer.jwks.endpoint.retry.backoff.max.ms = 10000
	sasl.oauthbearer.jwks.endpoint.retry.backoff.ms = 100
	sasl.oauthbearer.jwks.endpoint.url = null
	sasl.oauthbearer.scope.claim.name = scope
	sasl.oauthbearer.sub.claim.name = sub
	sasl.oauthbearer.token.endpoint.url = null
	security.protocol = PLAINTEXT
	security.providers = null
	send.buffer.bytes = 131072
	socket.connection.setup.timeout.max.ms = 30000
	socket.connection.setup.timeout.ms = 10000
	ssl.cipher.suites = null
	ssl.enabled.protocols = [TLSv1.2, TLSv1.3]
	ssl.endpoint.identification.algorithm = https
	ssl.engine.factory.class = null
	ssl.key.password = null
	ssl.keymanager.algorithm = SunX509
	ssl.keystore.certificate.chain = null
	ssl.keystore.key = null
	ssl.keystore.location = null
	ssl.keystore.password = null
	ssl.keystore.type = JKS
	ssl.protocol = TLSv1.3
	ssl.provider = null
	ssl.secure.random.implementation = null
	ssl.trustmanager.algorithm = PKIX
	ssl.truststore.certificates = null
	ssl.truststore.location = null
	ssl.truststore.password = null
	ssl.truststore.type = JKS
	transaction.timeout.ms = 60000
	transactional.id = null
	value.serializer = class org.springframework.kafka.support.serializer.JsonSerializer

2024-12-20 09:19:04 [http-nio-8081-exec-5] INFO  o.a.k.c.t.i.KafkaMetricsCollector - initializing Kafka metrics collector
2024-12-20 09:19:04 [http-nio-8081-exec-5] INFO  o.a.k.clients.producer.KafkaProducer - [Producer clientId=demo-producer-1] Instantiated an idempotent producer.
2024-12-20 09:19:04 [http-nio-8081-exec-5] INFO  o.a.kafka.common.utils.AppInfoParser - Kafka version: 3.8.1
2024-12-20 09:19:04 [http-nio-8081-exec-5] INFO  o.a.kafka.common.utils.AppInfoParser - Kafka commitId: 70d6ff42debf7e17
2024-12-20 09:19:04 [http-nio-8081-exec-5] INFO  o.a.kafka.common.utils.AppInfoParser - Kafka startTimeMs: 1734661144607
2024-12-20 09:19:05 [kafka-producer-network-thread | demo-producer-1] INFO  org.apache.kafka.clients.Metadata - [Producer clientId=demo-producer-1] Cluster ID: P_LURgOlTnODoNJ6DDJcFw
2024-12-20 09:19:05 [http-nio-8081-exec-5] INFO  c.s.k.service.KafkaPaymentService - Message sent: {number=1234567890, totalPrice=53000.0, checkoutId=3, paymentDate=2024-12-20 09:13:30, paymentStatus=Payment Success}
2024-12-20 09:19:05 [kafka-producer-network-thread | demo-producer-1] INFO  o.a.k.c.p.i.TransactionManager - [Producer clientId=demo-producer-1] ProducerId set to 2000 with epoch 0
2024-12-20 09:28:05 [kafka-producer-network-thread | demo-producer-1] INFO  o.apache.kafka.clients.NetworkClient - [Producer clientId=demo-producer-1] Node -1 disconnected.
2024-12-20 09:39:48 [kafka-producer-network-thread | demo-producer-1] INFO  o.apache.kafka.clients.NetworkClient - [Producer clientId=demo-producer-1] Node -1 disconnected.
2024-12-20 09:39:56 [HikariPool-1 housekeeper] WARN  com.zaxxer.hikari.pool.HikariPool - HikariPool-1 - Thread starvation or clock leap detected (housekeeper delta=5m44s847ms591µs).
2024-12-20 10:24:36 [http-nio-8081-exec-9] INFO  c.s.k.service.KafkaPaymentService - Message sent: {number=1234567890, totalPrice=100000.0, checkoutId=5, paymentDate=2024-12-20 10:23:41, paymentStatus=Payment Success}
2024-12-20 12:41:10 [kafka-producer-network-thread | demo-producer-1] INFO  o.apache.kafka.clients.NetworkClient - [Producer clientId=demo-producer-1] Node 0 disconnected.
2024-12-20 12:41:21 [HikariPool-1 housekeeper] WARN  com.zaxxer.hikari.pool.HikariPool - HikariPool-1 - Thread starvation or clock leap detected (housekeeper delta=1h18m26s762ms822µs900ns).
2024-12-20 19:28:24 [kafka-producer-network-thread | demo-producer-1] INFO  o.apache.kafka.clients.NetworkClient - [Producer clientId=demo-producer-1] Node 0 disconnected.
2024-12-20 19:28:26 [kafka-producer-network-thread | demo-producer-1] INFO  o.apache.kafka.clients.NetworkClient - [Producer clientId=demo-producer-1] Node 0 disconnected.
2024-12-20 19:28:26 [kafka-producer-network-thread | demo-producer-1] WARN  o.apache.kafka.clients.NetworkClient - [Producer clientId=demo-producer-1] Connection to node 0 (LAPTOP-ASKB92G7.mshome.net/192.168.96.1:9092) could not be established. Node may not be available.
